<?xml version="1.0" encoding="UTF-8"?>
<testsuite name="test.com.agt.greeter.GreetingTest" tests="2" skipped="0" failures="0" errors="0" timestamp="2017-01-15T17:31:33" hostname="administrators-MacBook-Pro-5.local" time="0.008">
  <properties/>
  <testcase name="shouldGreetSpecifiedName" classname="test.com.agt.greeter.GreetingTest" time="0.007"/>
  <testcase name="shouldGreetWorldByDefault" classname="test.com.agt.greeter.GreetingTest" time="0.001"/>
  <system-out><![CDATA[]]></system-out>
  <system-err><![CDATA[]]></system-err>
</testsuite>
